<?xml version="1.0" encoding="UTF-8"?>
<!-- Generated by org.testng.reporters.JUnitXMLReporter -->
<testsuite hostname="Dell-PC" ignored="0" name="Command line test" tests="8" failures="0" timestamp="26 May 2021 06:37:18 GMT" time="0.365" errors="0">
  <testcase name="@BeforeSuite OpenBrowser" time="24.397" classname="com.jbk.test.RegisterTest">
    <failure type="org.openqa.selenium.NoSuchElementException" message="no such element: Unable to locate element: {&amp;quot;method&amp;quot;:&amp;quot;partial link text&amp;quot;,&amp;quot;selector&amp;quot;:&amp;quot;Register&amp;quot;}
  (Session info: chrome=90.0.4430.212)
For documentation on this error, please visit: https://www.seleniumhq.org/exceptions/no_such_element.html
Build info: version: &amp;apos;3.141.59&amp;apos;, revision: &amp;apos;e82be7d358&amp;apos;, time: &amp;apos;2018-11-14T08:17:03&amp;apos;
System info: host: &amp;apos;DELL-PC&amp;apos;, ip: &amp;apos;192.168.1.6&amp;apos;, os.name: &amp;apos;Windows 7&amp;apos;, os.arch: &amp;apos;amd64&amp;apos;, os.version: &amp;apos;6.1&amp;apos;, java.version: &amp;apos;1.8.0_144&amp;apos;
Driver info: org.openqa.selenium.chrome.ChromeDriver
Capabilities {acceptInsecureCerts: false, browserName: chrome, browserVersion: 90.0.4430.212, chrome: {chromedriverVersion: 89.0.4389.23 (61b08ee2c5002..., userDataDir: C:\Users\Dell\AppData\Local...}, goog:chromeOptions: {debuggerAddress: localhost:49885}, javascriptEnabled: true, networkConnectionEnabled: false, pageLoadStrategy: normal, platform: WINDOWS, platformName: WINDOWS, proxy: Proxy(), setWindowRect: true, strictFileInteractability: false, timeouts: {implicit: 0, pageLoad: 300000, script: 30000}, unhandledPromptBehavior: dismiss and notify, webauthn:extension:largeBlob: true, webauthn:virtualAuthenticators: true}
Session ID: 08624ff9d09bcb030039d477b3cd5e65
*** Element info: {Using=partial link text, value=Register}">
      <![CDATA[org.openqa.selenium.NoSuchElementException: no such element: Unable to locate element: {"method":"partial link text","selector":"Register"}
  (Session info: chrome=90.0.4430.212)
For documentation on this error, please visit: https://www.seleniumhq.org/exceptions/no_such_element.html
Build info: version: '3.141.59', revision: 'e82be7d358', time: '2018-11-14T08:17:03'
System info: host: 'DELL-PC', ip: '192.168.1.6', os.name: 'Windows 7', os.arch: 'amd64', os.version: '6.1', java.version: '1.8.0_144'
Driver info: org.openqa.selenium.chrome.ChromeDriver
Capabilities {acceptInsecureCerts: false, browserName: chrome, browserVersion: 90.0.4430.212, chrome: {chromedriverVersion: 89.0.4389.23 (61b08ee2c5002..., userDataDir: C:\Users\Dell\AppData\Local...}, goog:chromeOptions: {debuggerAddress: localhost:49885}, javascriptEnabled: true, networkConnectionEnabled: false, pageLoadStrategy: normal, platform: WINDOWS, platformName: WINDOWS, proxy: Proxy(), setWindowRect: true, strictFileInteractability: false, timeouts: {implicit: 0, pageLoad: 300000, script: 30000}, unhandledPromptBehavior: dismiss and notify, webauthn:extension:largeBlob: true, webauthn:virtualAuthenticators: true}
Session ID: 08624ff9d09bcb030039d477b3cd5e65
*** Element info: {Using=partial link text, value=Register}
at org.openqa.selenium.remote.http.W3CHttpResponseCodec.createException(W3CHttpResponseCodec.java:187)
at org.openqa.selenium.remote.http.W3CHttpResponseCodec.decode(W3CHttpResponseCodec.java:122)
at org.openqa.selenium.remote.http.W3CHttpResponseCodec.decode(W3CHttpResponseCodec.java:49)
at org.openqa.selenium.remote.HttpCommandExecutor.execute(HttpCommandExecutor.java:158)
at org.openqa.selenium.remote.service.DriverCommandExecutor.execute(DriverCommandExecutor.java:83)
at org.openqa.selenium.remote.RemoteWebDriver.execute(RemoteWebDriver.java:552)
at org.openqa.selenium.remote.RemoteWebDriver.findElement(RemoteWebDriver.java:323)
at org.openqa.selenium.remote.RemoteWebDriver.findElementByPartialLinkText(RemoteWebDriver.java:388)
at org.openqa.selenium.By$ByPartialLinkText.findElement(By.java:250)
at org.openqa.selenium.remote.RemoteWebDriver.findElement(RemoteWebDriver.java:315)
at org.openqa.selenium.support.pagefactory.DefaultElementLocator.findElement(DefaultElementLocator.java:69)
at org.openqa.selenium.support.pagefactory.internal.LocatingElementHandler.invoke(LocatingElementHandler.java:38)
at com.sun.proxy.$Proxy9.click(Unknown Source)
at com.jbk.test.RegisterTest.OpenBrowser(RegisterTest.java:32)
... Removed 34 stack frames]]>
    </failure>
  </testcase> <!-- @BeforeSuite OpenBrowser -->
  <testcase name="@BeforeMethod openBrowser" time="0.0" classname="com.jbk.test.AddUserTest">
    <skipped/>
  </testcase> <!-- @BeforeMethod openBrowser -->
  <testcase name="@AfterMethod tearDown" time="0.0" classname="com.jbk.test.AddUserTest">
    <skipped/>
  </testcase> <!-- @AfterMethod tearDown -->
  <testcase name="@BeforeMethod openBrowser" time="0.0" classname="com.jbk.test.DownloadTest">
    <skipped/>
  </testcase> <!-- @BeforeMethod openBrowser -->
  <testcase name="@AfterMethod tearDown" time="0.0" classname="com.jbk.test.DownloadTest">
    <skipped/>
  </testcase> <!-- @AfterMethod tearDown -->
  <testcase name="@BeforeMethod openBrower" time="0.0" classname="com.jbk.test.LoginTest">
    <skipped/>
  </testcase> <!-- @BeforeMethod openBrower -->
  <testcase name="@AfterMethod closeBrowser" time="0.0" classname="com.jbk.test.LoginTest">
    <skipped/>
  </testcase> <!-- @AfterMethod closeBrowser -->
  <testcase name="@BeforeMethod openBrowser" time="0.0" classname="com.jbk.test.OperatorTest">
    <skipped/>
  </testcase> <!-- @BeforeMethod openBrowser -->
  <testcase name="@AfterMethod tearDown" time="0.0" classname="com.jbk.test.OperatorTest">
    <skipped/>
  </testcase> <!-- @AfterMethod tearDown -->
  <testcase name="@BeforeMethod openBrowser" time="0.0" classname="com.jbk.test.UsefulLinkTest">
    <skipped/>
  </testcase> <!-- @BeforeMethod openBrowser -->
  <testcase name="@AfterMethod tearDown" time="0.0" classname="com.jbk.test.UsefulLinkTest">
    <skipped/>
  </testcase> <!-- @AfterMethod tearDown -->
  <testcase name="@BeforeMethod openBrowser" time="0.0" classname="com.jbk.test.UserTest">
    <skipped/>
  </testcase> <!-- @BeforeMethod openBrowser -->
  <testcase name="@AfterMethod tearDown" time="0.0" classname="com.jbk.test.UserTest">
    <skipped/>
  </testcase> <!-- @AfterMethod tearDown -->
  <testcase name="addUser" time="0.0" classname="com.jbk.test.AddUserTest">
    <skipped/>
  </testcase> <!-- addUser -->
  <testcase name="checkUrl" time="0.0" classname="com.jbk.test.DashboardTest">
    <skipped/>
  </testcase> <!-- checkUrl -->
  <testcase name="verifyUrl" time="0.0" classname="com.jbk.test.DownloadTest">
    <skipped/>
  </testcase> <!-- verifyUrl -->
  <testcase name="validateTilte" time="0.0" classname="com.jbk.test.LoginTest">
    <skipped/>
  </testcase> <!-- validateTilte -->
  <testcase name="verifycontactNoLength" time="0.0" classname="com.jbk.test.OperatorTest">
    <skipped/>
  </testcase> <!-- verifycontactNoLength -->
  <testcase name="verifyUrl" time="0.0" classname="com.jbk.test.RegisterTest">
    <skipped/>
  </testcase> <!-- verifyUrl -->
  <testcase name="verifyUrl" time="0.0" classname="com.jbk.test.UsefulLinkTest">
    <skipped/>
  </testcase> <!-- verifyUrl -->
  <testcase name="verifyUrl" time="0.0" classname="com.jbk.test.UserTest">
    <skipped/>
  </testcase> <!-- verifyUrl -->
</testsuite> <!-- Command line test -->
